<?xml version="1.0" encoding="UTF-8"?>
<testsuite name="com.example.service.ArtistServiceIntegrationTest" tests="4" skipped="0" failures="0" errors="0" timestamp="2025-01-26T23:48:22" hostname="DESKTOP-GHOJGAA" time="5.26">
  <properties/>
  <testcase name="testGetArtistById()" classname="com.example.service.ArtistServiceIntegrationTest" time="3.357"/>
  <testcase name="testDeleteAllArtists()" classname="com.example.service.ArtistServiceIntegrationTest" time="1.75"/>
  <testcase name="testAddArtist()" classname="com.example.service.ArtistServiceIntegrationTest" time="0.013"/>
  <testcase name="testEditArtist()" classname="com.example.service.ArtistServiceIntegrationTest" time="0.084"/>
  <system-out><![CDATA[00:47:54.102 [Test worker] INFO org.springframework.test.context.support.AnnotationConfigContextLoaderUtils -- Could not detect default configuration classes for test class [com.example.service.ArtistServiceIntegrationTest]: ArtistServiceIntegrationTest does not declare any static, non-private, non-final, nested classes annotated with @Configuration.
00:47:55.211 [Test worker] INFO org.springframework.boot.test.context.SpringBootTestContextBootstrapper -- Found @SpringBootConfiguration com.example.MusicMetadataService for test class com.example.service.ArtistServiceIntegrationTest

  .   ____          _            __ _ _
 /\\ / ___'_ __ _ _(_)_ __  __ _ \ \ \ \
( ( )\___ | '_ | '_| | '_ \/ _` | \ \ \ \
 \\/  ___)| |_)| | | | | || (_| |  ) ) ) )
  '  |____| .__|_| |_|_| |_\__, | / / / /
 =========|_|==============|___/=/_/_/_/
 :: Spring Boot ::                (v3.2.1)

2025-01-27T00:47:58.282+01:00  INFO 6132 --- [    Test worker] c.e.s.ArtistServiceIntegrationTest       : Starting ArtistServiceIntegrationTest using Java 21.0.3 with PID 6132 (started by faiza in C:\Users\faiza\Downloads\music-metedata)
2025-01-27T00:47:58.287+01:00  INFO 6132 --- [    Test worker] c.e.s.ArtistServiceIntegrationTest       : No active profile set, falling back to 1 default profile: "default"
2025-01-27T00:48:02.119+01:00  INFO 6132 --- [    Test worker] .s.d.r.c.RepositoryConfigurationDelegate : Bootstrapping Spring Data JPA repositories in DEFAULT mode.
2025-01-27T00:48:02.349+01:00  INFO 6132 --- [    Test worker] .s.d.r.c.RepositoryConfigurationDelegate : Finished Spring Data repository scanning in 204 ms. Found 2 JPA repository interfaces.
2025-01-27T00:48:05.489+01:00  INFO 6132 --- [    Test worker] com.zaxxer.hikari.HikariDataSource       : HikariPool-1 - Starting...
2025-01-27T00:48:06.790+01:00  INFO 6132 --- [    Test worker] com.zaxxer.hikari.pool.HikariPool        : HikariPool-1 - Added connection conn0: url=jdbc:h2:mem:musicdb user=SA
2025-01-27T00:48:06.799+01:00  INFO 6132 --- [    Test worker] com.zaxxer.hikari.HikariDataSource       : HikariPool-1 - Start completed.
2025-01-27T00:48:07.063+01:00  INFO 6132 --- [    Test worker] o.hibernate.jpa.internal.util.LogHelper  : HHH000204: Processing PersistenceUnitInfo [name: default]
2025-01-27T00:48:07.379+01:00  INFO 6132 --- [    Test worker] org.hibernate.Version                    : HHH000412: Hibernate ORM core version 6.4.1.Final
2025-01-27T00:48:07.613+01:00  INFO 6132 --- [    Test worker] o.h.c.internal.RegionFactoryInitiator    : HHH000026: Second-level cache disabled
2025-01-27T00:48:09.263+01:00  INFO 6132 --- [    Test worker] o.s.o.j.p.SpringPersistenceUnitInfo      : No LoadTimeWeaver setup: ignoring JPA class transformer
2025-01-27T00:48:13.401+01:00  INFO 6132 --- [    Test worker] o.h.e.t.j.p.i.JtaPlatformInitiator       : HHH000489: No JTA platform available (set 'hibernate.transaction.jta.platform' to enable JTA platform integration)
2025-01-27T00:48:13.651+01:00  INFO 6132 --- [    Test worker] j.LocalContainerEntityManagerFactoryBean : Initialized JPA EntityManagerFactory for persistence unit 'default'
2025-01-27T00:48:15.576+01:00  INFO 6132 --- [    Test worker] o.s.d.j.r.query.QueryEnhancerFactory     : Hibernate is in classpath; If applicable, HQL parser will be used.
2025-01-27T00:48:18.435+01:00  WARN 6132 --- [    Test worker] JpaBaseConfiguration$JpaWebConfiguration : spring.jpa.open-in-view is enabled by default. Therefore, database queries may be performed during view rendering. Explicitly configure spring.jpa.open-in-view to disable this warning
2025-01-27T00:48:21.683+01:00  INFO 6132 --- [    Test worker] o.s.b.a.h2.H2ConsoleAutoConfiguration    : H2 console available at '/h2-console'. Database available at 'jdbc:h2:mem:musicdb'
2025-01-27T00:48:22.365+01:00  INFO 6132 --- [    Test worker] c.e.s.ArtistServiceIntegrationTest       : Started ArtistServiceIntegrationTest in 25.466 seconds (process running for 34.447)
]]></system-out>
  <system-err><![CDATA[WARNING: A Java agent has been loaded dynamically (C:\Users\faiza\.gradle\caches\modules-2\files-2.1\net.bytebuddy\byte-buddy-agent\1.14.10\90ed94ac044ea8953b224304c762316e91fd6b31\byte-buddy-agent-1.14.10.jar)
WARNING: If a serviceability tool is in use, please run with -XX:+EnableDynamicAgentLoading to hide this warning
WARNING: If a serviceability tool is not in use, please run with -Djdk.instrument.traceUsage for more information
WARNING: Dynamic loading of agents will be disallowed by default in a future release
]]></system-err>
</testsuite>
