<?xml version="1.0" encoding="UTF-8"?>
<testsuite name="com.example.service.ArtistServiceIntegrationTest" tests="1" skipped="0" failures="0" errors="0" timestamp="2025-01-27T00:11:41" hostname="DESKTOP-GHOJGAA" time="3.954">
  <properties/>
  <testcase name="testAddTrackToArtist()" classname="com.example.service.ArtistServiceIntegrationTest" time="3.954"/>
  <system-out><![CDATA[01:11:12.529 [Test worker] INFO org.springframework.test.context.support.AnnotationConfigContextLoaderUtils -- Could not detect default configuration classes for test class [com.example.service.ArtistServiceIntegrationTest]: ArtistServiceIntegrationTest does not declare any static, non-private, non-final, nested classes annotated with @Configuration.
01:11:13.641 [Test worker] INFO org.springframework.boot.test.context.SpringBootTestContextBootstrapper -- Found @SpringBootConfiguration com.example.MusicMetadataService for test class com.example.service.ArtistServiceIntegrationTest

  .   ____          _            __ _ _
 /\\ / ___'_ __ _ _(_)_ __  __ _ \ \ \ \
( ( )\___ | '_ | '_| | '_ \/ _` | \ \ \ \
 \\/  ___)| |_)| | | | | || (_| |  ) ) ) )
  '  |____| .__|_| |_|_| |_\__, | / / / /
 =========|_|==============|___/=/_/_/_/
 :: Spring Boot ::                (v3.2.1)

2025-01-27T01:11:15.963+01:00  INFO 16340 --- [    Test worker] c.e.s.ArtistServiceIntegrationTest       : Starting ArtistServiceIntegrationTest using Java 21.0.3 with PID 16340 (started by faiza in C:\Users\faiza\Downloads\music-metedata)
2025-01-27T01:11:15.968+01:00  INFO 16340 --- [    Test worker] c.e.s.ArtistServiceIntegrationTest       : No active profile set, falling back to 1 default profile: "default"
2025-01-27T01:11:19.992+01:00  INFO 16340 --- [    Test worker] .s.d.r.c.RepositoryConfigurationDelegate : Bootstrapping Spring Data JPA repositories in DEFAULT mode.
2025-01-27T01:11:20.384+01:00  INFO 16340 --- [    Test worker] .s.d.r.c.RepositoryConfigurationDelegate : Finished Spring Data repository scanning in 341 ms. Found 2 JPA repository interfaces.
2025-01-27T01:11:24.024+01:00  INFO 16340 --- [    Test worker] com.zaxxer.hikari.HikariDataSource       : HikariPool-1 - Starting...
2025-01-27T01:11:24.991+01:00  INFO 16340 --- [    Test worker] com.zaxxer.hikari.pool.HikariPool        : HikariPool-1 - Added connection conn0: url=jdbc:h2:mem:musicdb user=SA
2025-01-27T01:11:24.997+01:00  INFO 16340 --- [    Test worker] com.zaxxer.hikari.HikariDataSource       : HikariPool-1 - Start completed.
2025-01-27T01:11:25.247+01:00  INFO 16340 --- [    Test worker] o.hibernate.jpa.internal.util.LogHelper  : HHH000204: Processing PersistenceUnitInfo [name: default]
2025-01-27T01:11:25.594+01:00  INFO 16340 --- [    Test worker] org.hibernate.Version                    : HHH000412: Hibernate ORM core version 6.4.1.Final
2025-01-27T01:11:25.869+01:00  INFO 16340 --- [    Test worker] o.h.c.internal.RegionFactoryInitiator    : HHH000026: Second-level cache disabled
2025-01-27T01:11:28.918+01:00  INFO 16340 --- [    Test worker] o.s.o.j.p.SpringPersistenceUnitInfo      : No LoadTimeWeaver setup: ignoring JPA class transformer
2025-01-27T01:11:33.998+01:00  INFO 16340 --- [    Test worker] o.h.e.t.j.p.i.JtaPlatformInitiator       : HHH000489: No JTA platform available (set 'hibernate.transaction.jta.platform' to enable JTA platform integration)
2025-01-27T01:11:34.277+01:00  INFO 16340 --- [    Test worker] j.LocalContainerEntityManagerFactoryBean : Initialized JPA EntityManagerFactory for persistence unit 'default'
2025-01-27T01:11:36.469+01:00  INFO 16340 --- [    Test worker] o.s.d.j.r.query.QueryEnhancerFactory     : Hibernate is in classpath; If applicable, HQL parser will be used.
2025-01-27T01:11:38.590+01:00  WARN 16340 --- [    Test worker] JpaBaseConfiguration$JpaWebConfiguration : spring.jpa.open-in-view is enabled by default. Therefore, database queries may be performed during view rendering. Explicitly configure spring.jpa.open-in-view to disable this warning
2025-01-27T01:11:40.485+01:00  INFO 16340 --- [    Test worker] o.s.b.a.h2.H2ConsoleAutoConfiguration    : H2 console available at '/h2-console'. Database available at 'jdbc:h2:mem:musicdb'
2025-01-27T01:11:41.183+01:00  INFO 16340 --- [    Test worker] c.e.s.ArtistServiceIntegrationTest       : Started ArtistServiceIntegrationTest in 26.458 seconds (process running for 35.351)
]]></system-out>
  <system-err><![CDATA[WARNING: A Java agent has been loaded dynamically (C:\Users\faiza\.gradle\caches\modules-2\files-2.1\net.bytebuddy\byte-buddy-agent\1.14.10\90ed94ac044ea8953b224304c762316e91fd6b31\byte-buddy-agent-1.14.10.jar)
WARNING: If a serviceability tool is in use, please run with -XX:+EnableDynamicAgentLoading to hide this warning
WARNING: If a serviceability tool is not in use, please run with -Djdk.instrument.traceUsage for more information
WARNING: Dynamic loading of agents will be disallowed by default in a future release
]]></system-err>
</testsuite>
